<?xml version="1.0" encoding="UTF-8"?>
<testsuite name="com.efimchick.ifmo.web.servlets.StatefulCalcServletTest" tests="13" skipped="0" failures="0" errors="0" timestamp="2019-10-22T15:00:50" hostname="DESKTOP-46USTGA" time="0.711">
  <properties/>
  <testcase name="test001" classname="com.efimchick.ifmo.web.servlets.StatefulCalcServletTest" time="0.451"/>
  <testcase name="test002" classname="com.efimchick.ifmo.web.servlets.StatefulCalcServletTest" time="0.017"/>
  <testcase name="test003" classname="com.efimchick.ifmo.web.servlets.StatefulCalcServletTest" time="0.016"/>
  <testcase name="test004" classname="com.efimchick.ifmo.web.servlets.StatefulCalcServletTest" time="0.016"/>
  <testcase name="test005" classname="com.efimchick.ifmo.web.servlets.StatefulCalcServletTest" time="0.017"/>
  <testcase name="test006" classname="com.efimchick.ifmo.web.servlets.StatefulCalcServletTest" time="0.015"/>
  <testcase name="test007" classname="com.efimchick.ifmo.web.servlets.StatefulCalcServletTest" time="0.016"/>
  <testcase name="test008" classname="com.efimchick.ifmo.web.servlets.StatefulCalcServletTest" time="0.013"/>
  <testcase name="test009" classname="com.efimchick.ifmo.web.servlets.StatefulCalcServletTest" time="0.011"/>
  <testcase name="test010" classname="com.efimchick.ifmo.web.servlets.StatefulCalcServletTest" time="0.012"/>
  <testcase name="test011" classname="com.efimchick.ifmo.web.servlets.StatefulCalcServletTest" time="0.068"/>
  <testcase name="test012" classname="com.efimchick.ifmo.web.servlets.StatefulCalcServletTest" time="0.032"/>
  <testcase name="testSources" classname="com.efimchick.ifmo.web.servlets.StatefulCalcServletTest" time="0.023"/>
  <system-out><![CDATA[configuring app with basedir: D:\Labs\IFMO_Servlets_20190915\.\src\main\webapp
We fucked up, var not found
]]></system-out>
  <system-err><![CDATA[окт. 22, 2019 6:00:49 PM org.apache.coyote.AbstractProtocol init
INFO: Initializing ProtocolHandler ["http-nio-8080"]
окт. 22, 2019 6:00:49 PM org.apache.tomcat.util.net.NioSelectorPool getSharedSelector
INFO: Using a shared selector for servlet write/read
окт. 22, 2019 6:00:49 PM org.apache.catalina.core.StandardService startInternal
INFO: Starting service Tomcat
окт. 22, 2019 6:00:49 PM org.apache.catalina.core.StandardEngine startInternal
INFO: Starting Servlet Engine: Apache Tomcat/8.0.47
окт. 22, 2019 6:00:49 PM org.apache.catalina.loader.WebappLoader buildClassPath
INFO: Unknown loader jdk.internal.loader.ClassLoaders$AppClassLoader@8bcc55f class jdk.internal.loader.ClassLoaders$AppClassLoader
окт. 22, 2019 6:00:49 PM org.apache.catalina.startup.ContextConfig getDefaultWebXmlFragment
INFO: No global web.xml found
окт. 22, 2019 6:00:50 PM org.apache.catalina.util.SessionIdGeneratorBase createSecureRandom
WARNING: Creation of SecureRandom instance for session ID generation using [SHA1PRNG] took [290] milliseconds.
окт. 22, 2019 6:00:50 PM org.apache.coyote.AbstractProtocol start
INFO: Starting ProtocolHandler ["http-nio-8080"]
окт. 22, 2019 6:00:50 PM org.apache.coyote.AbstractProtocol pause
INFO: Pausing ProtocolHandler ["http-nio-8080"]
окт. 22, 2019 6:00:50 PM org.apache.catalina.core.StandardService stopInternal
INFO: Stopping service Tomcat
окт. 22, 2019 6:00:50 PM org.apache.coyote.AbstractProtocol stop
INFO: Stopping ProtocolHandler ["http-nio-8080"]
]]></system-err>
</testsuite>
